kotlin version: 2.0.0
error message: org.jetbrains.kotlin.backend.common.BackendException: Backend Internal error: Exception during IR lowering
File being compiled: C:/Users/Usama/AndroidStudioProjects/JetNews2/core/navigation/src/main/java/com/droidos/navigation/jetNews/JetNewsApp.kt
The root cause java.lang.RuntimeException was thrown at: org.jetbrains.kotlin.backend.jvm.codegen.FunctionCodegen.generate(FunctionCodegen.kt:50)
	at org.jetbrains.kotlin.backend.common.CodegenUtil.reportBackendException(CodegenUtil.kt:253)
	at org.jetbrains.kotlin.backend.common.CodegenUtil.reportBackendException$default(CodegenUtil.kt:236)
	at org.jetbrains.kotlin.backend.common.phaser.PerformByIrFilePhase.invokeSequential(performByIrFile.kt:65)
	at org.jetbrains.kotlin.backend.common.phaser.PerformByIrFilePhase.invoke(performByIrFile.kt:52)
	at org.jetbrains.kotlin.backend.common.phaser.PerformByIrFilePhase.invoke(performByIrFile.kt:38)
	at org.jetbrains.kotlin.backend.common.phaser.NamedCompilerPhase.phaseBody(CompilerPhase.kt:166)
	at org.jetbrains.kotlin.backend.common.phaser.AbstractNamedCompilerPhase.invoke(CompilerPhase.kt:113)
	at org.jetbrains.kotlin.backend.common.phaser.CompositePhase.invoke(PhaseBuilders.kt:29)
	at org.jetbrains.kotlin.backend.common.phaser.CompositePhase.invoke(PhaseBuilders.kt:16)
	at org.jetbrains.kotlin.backend.common.phaser.NamedCompilerPhase.phaseBody(CompilerPhase.kt:166)
	at org.jetbrains.kotlin.backend.common.phaser.AbstractNamedCompilerPhase.invoke(CompilerPhase.kt:113)
	at org.jetbrains.kotlin.backend.common.phaser.CompilerPhaseKt.invokeToplevel(CompilerPhase.kt:62)
	at org.jetbrains.kotlin.backend.jvm.JvmIrCodegenFactory.invokeCodegen(JvmIrCodegenFactory.kt:371)
	at org.jetbrains.kotlin.codegen.CodegenFactory.generateModule(CodegenFactory.kt:47)
	at org.jetbrains.kotlin.backend.jvm.JvmIrCodegenFactory.generateModuleInFrontendIRMode(JvmIrCodegenFactory.kt:433)
	at org.jetbrains.kotlin.cli.jvm.compiler.pipeline.JvmCompilerPipelineKt.generateCodeFromIr(jvmCompilerPipeline.kt:241)
	at org.jetbrains.kotlin.cli.jvm.compiler.pipeline.JvmCompilerPipelineKt.compileModulesUsingFrontendIrAndLightTree(jvmCompilerPipeline.kt:140)
	at org.jetbrains.kotlin.cli.jvm.K2JVMCompiler.doExecute(K2JVMCompiler.kt:155)
	at org.jetbrains.kotlin.cli.jvm.K2JVMCompiler.doExecute(K2JVMCompiler.kt:50)
	at org.jetbrains.kotlin.cli.common.CLICompiler.execImpl(CLICompiler.kt:104)
	at org.jetbrains.kotlin.cli.common.CLICompiler.execImpl(CLICompiler.kt:48)
	at org.jetbrains.kotlin.cli.common.CLITool.exec(CLITool.kt:101)
	at org.jetbrains.kotlin.incremental.IncrementalJvmCompilerRunner.runCompiler(IncrementalJvmCompilerRunner.kt:453)
	at org.jetbrains.kotlin.incremental.IncrementalJvmCompilerRunner.runCompiler(IncrementalJvmCompilerRunner.kt:62)
	at org.jetbrains.kotlin.incremental.IncrementalCompilerRunner.doCompile(IncrementalCompilerRunner.kt:506)
	at org.jetbrains.kotlin.incremental.IncrementalCompilerRunner.compileImpl(IncrementalCompilerRunner.kt:423)
	at org.jetbrains.kotlin.incremental.IncrementalCompilerRunner.compileNonIncrementally(IncrementalCompilerRunner.kt:301)
	at org.jetbrains.kotlin.incremental.IncrementalCompilerRunner.compile(IncrementalCompilerRunner.kt:129)
	at org.jetbrains.kotlin.daemon.CompileServiceImplBase.execIncrementalCompiler(CompileServiceImpl.kt:676)
	at org.jetbrains.kotlin.daemon.CompileServiceImplBase.access$execIncrementalCompiler(CompileServiceImpl.kt:92)
	at org.jetbrains.kotlin.daemon.CompileServiceImpl.compile(CompileServiceImpl.kt:1661)
	at jdk.internal.reflect.GeneratedMethodAccessor14.invoke(Unknown Source)
	at java.base/jdk.internal.reflect.DelegatingMethodAccessorImpl.invoke(DelegatingMethodAccessorImpl.java:43)
	at java.base/java.lang.reflect.Method.invoke(Method.java:568)
	at java.rmi/sun.rmi.server.UnicastServerRef.dispatch(UnicastServerRef.java:360)
	at java.rmi/sun.rmi.transport.Transport$1.run(Transport.java:200)
	at java.rmi/sun.rmi.transport.Transport$1.run(Transport.java:197)
	at java.base/java.security.AccessController.doPrivileged(AccessController.java:712)
	at java.rmi/sun.rmi.transport.Transport.serviceCall(Transport.java:196)
	at java.rmi/sun.rmi.transport.tcp.TCPTransport.handleMessages(TCPTransport.java:587)
	at java.rmi/sun.rmi.transport.tcp.TCPTransport$ConnectionHandler.run0(TCPTransport.java:828)
	at java.rmi/sun.rmi.transport.tcp.TCPTransport$ConnectionHandler.lambda$run$0(TCPTransport.java:705)
	at java.base/java.security.AccessController.doPrivileged(AccessController.java:399)
	at java.rmi/sun.rmi.transport.tcp.TCPTransport$ConnectionHandler.run(TCPTransport.java:704)
	at java.base/java.util.concurrent.ThreadPoolExecutor.runWorker(ThreadPoolExecutor.java:1136)
	at java.base/java.util.concurrent.ThreadPoolExecutor$Worker.run(ThreadPoolExecutor.java:635)
	at java.base/java.lang.Thread.run(Thread.java:840)
Caused by: java.lang.RuntimeException: Exception while generating code for:
FUN name:JetNewsApp visibility:public modality:FINAL <> (networkMonitor:com.droidos.navigation.util.networkMonitor.NetworkMonitor, navController:androidx.navigation.NavHostController, appState:com.droidos.navigation.jetNews.JetCoffeeState) returnType:kotlin.Unit
  annotations:
    Composable
  VALUE_PARAMETER name:networkMonitor index:0 type:com.droidos.navigation.util.networkMonitor.NetworkMonitor
  VALUE_PARAMETER name:navController index:1 type:androidx.navigation.NavHostController
  VALUE_PARAMETER name:appState index:2 type:com.droidos.navigation.jetNews.JetCoffeeState
    EXPRESSION_BODY
      ERROR_EXPR 'Default Stub' type=com.droidos.navigation.jetNews.JetCoffeeState
  BLOCK_BODY
    VAR name:notConnectedMessage type:kotlin.String [val]
      CALL 'public final fun stringResource (id: kotlin.Int): kotlin.String declared in androidx.compose.ui.res.StringResources_androidKt' type=kotlin.String origin=null
        id: GET_FIELD 'FIELD IR_EXTERNAL_JAVA_DECLARATION_STUB name:not_connected type:kotlin.Int visibility:public [static]' type=kotlin.Int origin=null
    VAR name:snackbarHostState type:androidx.compose.material3.SnackbarHostState [val]
      CALL 'public final fun remember <T> (calculation: @[DisallowComposableCalls] kotlin.Function0<T of androidx.compose.runtime.ComposablesKt.remember>): T of androidx.compose.runtime.ComposablesKt.remember [inline] declared in androidx.compose.runtime.ComposablesKt' type=androidx.compose.material3.SnackbarHostState origin=null
        <T>: androidx.compose.material3.SnackbarHostState
        calculation: BLOCK type=kotlin.Function0<androidx.compose.material3.SnackbarHostState> origin=LAMBDA
          COMPOSITE type=kotlin.Unit origin=null
          FUNCTION_REFERENCE 'private final fun JetNewsApp$lambda$0 (): androidx.compose.material3.SnackbarHostState declared in com.droidos.navigation.jetNews.JetNewsAppKt' type=kotlin.Function0<androidx.compose.material3.SnackbarHostState> origin=INLINE_LAMBDA reflectionTarget=null
    VAR PROPERTY_DELEGATE name:isOffline$delegate type:androidx.compose.runtime.State<kotlin.Boolean> [val]
      TYPE_OP type=androidx.compose.runtime.State<kotlin.Boolean> origin=IMPLICIT_CAST typeOperand=androidx.compose.runtime.State<kotlin.Boolean>
        CALL 'public final fun collectAsStateWithLifecycle$default <T> (lifecycleOwner: androidx.lifecycle.LifecycleOwner?, minActiveState: androidx.lifecycle.Lifecycle.State?, context: kotlin.coroutines.CoroutineContext?, $mask0: kotlin.Int, $handler: kotlin.Any?): androidx.compose.runtime.State<T of androidx.lifecycle.compose.FlowExtKt.collectAsStateWithLifecycle$default> declared in androidx.lifecycle.compose.FlowExtKt' type=androidx.compose.runtime.State<T of androidx.lifecycle.compose.FlowExtKt.collectAsStateWithLifecycle$default> origin=DEFAULT_DISPATCH_CALL
          <T>: kotlin.Boolean
          $receiver: CALL 'public final fun <get-isOffline> (): kotlinx.coroutines.flow.StateFlow<kotlin.Boolean> declared in com.droidos.navigation.jetNews.JetCoffeeState' type=kotlinx.coroutines.flow.StateFlow<kotlin.Boolean> origin=GET_PROPERTY
            $this: GET_VAR 'appState: com.droidos.navigation.jetNews.JetCoffeeState declared in com.droidos.navigation.jetNews.JetNewsAppKt.JetNewsApp' type=com.droidos.navigation.jetNews.JetCoffeeState origin=null
          lifecycleOwner: COMPOSITE type=androidx.lifecycle.LifecycleOwner? origin=DEFAULT_VALUE
            CONST Null type=androidx.lifecycle.LifecycleOwner? value=null
          minActiveState: COMPOSITE type=androidx.lifecycle.Lifecycle.State? origin=DEFAULT_VALUE
            CONST Null type=androidx.lifecycle.Lifecycle.State? value=null
          context: COMPOSITE type=kotlin.coroutines.CoroutineContext? origin=DEFAULT_VALUE
            CONST Null type=kotlin.coroutines.CoroutineContext? value=null
          $mask0: CONST Int type=kotlin.Int value=7
          $handler: CONST Null type=kotlin.Any? value=null
    CALL 'public final fun LaunchedEffect (key1: kotlin.Any?, block: @[ExtensionFunctionType] kotlin.coroutines.SuspendFunction1<kotlinx.coroutines.CoroutineScope, kotlin.Unit>): kotlin.Unit declared in androidx.compose.runtime.EffectsKt' type=kotlin.Unit origin=null
      key1: CALL 'private final fun JetNewsApp$lambda$1 ($isOffline$delegate: androidx.compose.runtime.State<kotlin.Boolean>): kotlin.Boolean declared in com.droidos.navigation.jetNews.JetNewsAppKt' type=kotlin.Boolean origin=GET_LOCAL_PROPERTY
        $isOffline$delegate: GET_VAR 'val isOffline$delegate: androidx.compose.runtime.State<kotlin.Boolean> [val] declared in com.droidos.navigation.jetNews.JetNewsAppKt.JetNewsApp' type=androidx.compose.runtime.State<kotlin.Boolean> origin=null
      block: BLOCK type=com.droidos.navigation.jetNews.JetNewsAppKt.JetNewsApp.<no name provided> origin=null
        CLASS SUSPEND_LAMBDA CLASS name:<no name provided> modality:FINAL visibility:public/*package*/ superTypes:[kotlin.coroutines.jvm.internal.SuspendLambda; kotlin.jvm.functions.Function2<kotlinx.coroutines.CoroutineScope, kotlin.coroutines.Continuation<kotlin.Unit>?, kotlin.Any?>]
          $this: VALUE_PARAMETER INSTANCE_RECEIVER name:<this> type:com.droidos.navigation.jetNews.JetNewsAppKt.JetNewsApp.<no name provided>
          FIELD name:label type:kotlin.Int visibility:public/*package*/
          CONSTRUCTOR SUSPEND_LAMBDA visibility:public/*package*/ <> ($snackbarHostState:androidx.compose.material3.SnackbarHostState, $notConnectedMessage:kotlin.String, $isOffline$delegate:androidx.compose.runtime.State<kotlin.Boolean>, $completion:kotlin.coroutines.Continuation<com.droidos.navigation.jetNews.JetNewsAppKt.JetNewsApp.<no name provided>>?) returnType:com.droidos.navigation.jetNews.JetNewsAppKt.JetNewsApp.<no name provided> [primary]
            VALUE_PARAMETER BOUND_VALUE_PARAMETER name:$snackbarHostState index:0 type:androidx.compose.material3.SnackbarHostState
            VALUE_PARAMETER BOUND_VALUE_PARAMETER name:$notConnectedMessage index:1 type:kotlin.String
            VALUE_PARAMETER BOUND_VALUE_PARAMETER name:$isOffline$delegate index:2 type:androidx.compose.runtime.State<kotlin.Boolean>
            VALUE_PARAMETER name:$completion index:3 type:kotlin.coroutines.Continuation<com.droidos.navigation.jetNews.JetNewsAppKt.JetNewsApp.<no name provided>>?
            BLOCK_BODY
              SET_FIELD 'FIELD FIELD_FOR_CAPTURED_VALUE name:$snackbarHostState type:androidx.compose.material3.SnackbarHostState visibility:public/*package*/ [final]' type=kotlin.Unit origin=INITIALIZER_OF_FIELD_FOR_CAPTURED_VALUE
                receiver: GET_VAR '<this>: com.droidos.navigation.jetNews.JetNewsAppKt.JetNewsApp.<no name provided> declared in com.droidos.navigation.jetNews.JetNewsAppKt.JetNewsApp.<no name provided>' type=com.droidos.navigation.jetNews.JetNewsAppKt.JetNewsApp.<no name provided> origin=null
                value: GET_VAR '$snackbarHostState: androidx.compose.material3.SnackbarHostState declared in com.droidos.navigation.jetNews.JetNewsAppKt.JetNewsApp.<no name provided>.<init>' type=androidx.compose.material3.SnackbarHostState origin=null
              SET_FIELD 'FIELD FIELD_FOR_CAPTURED_VALUE name:$notConnectedMessage type:kotlin.String visibility:public/*package*/ [final]' type=kotlin.Unit origin=INITIALIZER_OF_FIELD_FOR_CAPTURED_VALUE
                receiver: GET_VAR '<this>: com.droidos.navigation.jetNews.JetNewsAppKt.JetNewsApp.<no name provided> declared in com.droidos.navigation.jetNews.JetNewsAppKt.JetNewsApp.<no name provided>' type=com.droidos.navigation.jetNews.JetNewsAppKt.JetNewsApp.<no name provided> origin=null
                value: GET_VAR '$notConnectedMessage: kotlin.String declared in com.droidos.navigation.jetNews.JetNewsAppKt.JetNewsApp.<no name provided>.<init>' type=kotlin.String origin=null
              SET_FIELD 'FIELD FIELD_FOR_CAPTURED_VALUE name:$isOffline$delegate type:androidx.compose.runtime.State<kotlin.Boolean> visibility:public/*package*/ [final]' type=kotlin.Unit origin=INITIALIZER_OF_FIELD_FOR_CAPTURED_VALUE
                receiver: GET_VAR '<this>: com.droidos.navigation.jetNews.JetNewsAppKt.JetNewsApp.<no name provided> declared in com.droidos.navigation.jetNews.JetNewsAppKt.JetNewsApp.<no name provided>' type=com.droidos.navigation.jetNews.JetNewsAppKt.JetNewsApp.<no name provided> origin=null
                value: GET_VAR '$isOffline$delegate: androidx.compose.runtime.State<kotlin.Boolean> declared in com.droidos.navigation.jetNews.JetNewsAppKt.JetNewsApp.<no name provided>.<init>' type=androidx.compose.runtime.State<kotlin.Boolean> origin=null
              DELEGATING_CONSTRUCTOR_CALL 'public constructor <init> (arity: kotlin.Int, $completion: kotlin.coroutines.Continuation<kotlin.Any?>?) declared in kotlin.coroutines.jvm.internal.SuspendLambda'
                arity: CONST Int type=kotlin.Int value=2
                $completion: GET_VAR '$completion: kotlin.coroutines.Continuation<com.droidos.navigation.jetNews.JetNewsAppKt.JetNewsApp.<no name provided>>? declared in com.droidos.navigation.jetNews.JetNewsAppKt.JetNewsApp.<no name provided>.<init>' type=kotlin.coroutines.Continuation<com.droidos.navigation.jetNews.JetNewsAppKt.JetNewsApp.<no name provided>>? origin=null
              BLOCK type=kotlin.Unit origin=null
          FUN name:invokeSuspend visibility:public modality:FINAL <> ($this:com.droidos.navigation.jetNews.JetNewsAppKt.JetNewsApp.<no name provided>, $result:kotlin.Result<kotlin.Any?>) returnType:kotlin.Any?
            overridden:
              protected abstract fun invokeSuspend ($result: kotlin.Result<kotlin.Any?>): kotlin.Any? declared in kotlin.coroutines.jvm.internal.SuspendLambda
            $this: VALUE_PARAMETER INSTANCE_RECEIVER name:<this> type:com.droidos.navigation.jetNews.JetNewsAppKt.JetNewsApp.<no name provided>
            VALUE_PARAMETER name:$result index:0 type:kotlin.Result<kotlin.Any?>
            BLOCK_BODY
              WHEN type=kotlin.Unit origin=IF
                BRANCH
                  if: CALL 'public final fun access$JetNewsApp$lambda$1 ($isOffline$delegate: androidx.compose.runtime.State<kotlin.Boolean>): kotlin.Boolean declared in com.droidos.navigation.jetNews.JetNewsAppKt' type=kotlin.Boolean origin=GET_LOCAL_PROPERTY
                    $isOffline$delegate: GET_FIELD 'FIELD FIELD_FOR_CAPTURED_VALUE name:$isOffline$delegate type:androidx.compose.runtime.State<kotlin.Boolean> visibility:public/*package*/ [final]' type=androidx.compose.runtime.State<kotlin.Boolean> origin=null
                      receiver: GET_VAR '<this>: com.droidos.navigation.jetNews.JetNewsAppKt.JetNewsApp.<no name provided> declared in com.droidos.navigation.jetNews.JetNewsAppKt.JetNewsApp.<no name provided>.invokeSuspend' type=com.droidos.navigation.jetNews.JetNewsAppKt.JetNewsApp.<no name provided> origin=null
                  then: COMPOSITE type=kotlin.Unit origin=null
                    BLOCK type=androidx.compose.material3.SnackbarResult origin=null
                      CALL 'public final fun showSnackbar$default ($this: androidx.compose.material3.SnackbarHostState, message: kotlin.String, actionLabel: kotlin.String?, withDismissAction: kotlin.Boolean, duration: androidx.compose.material3.SnackbarDuration?, $completion: kotlin.coroutines.Continuation<androidx.compose.material3.SnackbarResult>, $mask0: kotlin.Int, $handler: kotlin.Any?): kotlin.Any? [suspend] declared in androidx.compose.material3.SnackbarHostState' type=androidx.compose.material3.SnackbarResult origin=DEFAULT_DISPATCH_CALL
                        $this: GET_FIELD 'FIELD FIELD_FOR_CAPTURED_VALUE name:$snackbarHostState type:androidx.compose.material3.SnackbarHostState visibility:public/*package*/ [final]' type=androidx.compose.material3.SnackbarHostState origin=null
                          receiver: GET_VAR '<this>: com.droidos.navigation.jetNews.JetNewsAppKt.JetNewsApp.<no name provided> declared in com.droidos.navigation.jetNews.JetNewsAppKt.JetNewsApp.<no name provided>.invokeSuspend' type=com.droidos.navigation.jetNews.JetNewsAppKt.JetNewsApp.<no name provided> origin=null
                        message: GET_FIELD 'FIELD FIELD_FOR_CAPTURED_VALUE name:$notConnectedMessage type:kotlin.String visibility:public/*package*/ [final]' type=kotlin.String origin=null
                          receiver: GET_VAR '<this>: com.droidos.navigation.jetNews.JetNewsAppKt.JetNewsApp.<no name provided> declared in com.droidos.navigation.jetNews.JetNewsAppKt.JetNewsApp.<no name provided>.invokeSuspend' type=com.droidos.navigation.jetNews.JetNewsAppKt.JetNewsApp.<no name provided> origin=null
                        actionLabel: COMPOSITE type=kotlin.String? origin=DEFAULT_VALUE
                          CONST Null type=kotlin.String? value=null
                        withDismissAction: COMPOSITE type=kotlin.Boolean origin=DEFAULT_VALUE
                          CONST Boolean type=kotlin.Boolean value=false
                        duration: GET_FIELD 'FIELD FIELD_FOR_ENUM_ENTRY name:Indefinite type:androidx.compose.material3.SnackbarDuration visibility:public [final,static]' type=androidx.compose.material3.SnackbarDuration origin=null
                        $completion: GET_VAR '<this>: com.droidos.navigation.jetNews.JetNewsAppKt.JetNewsApp.<no name provided> declared in com.droidos.navigation.jetNews.JetNewsAppKt.JetNewsApp.<no name provided>.invokeSuspend' type=com.droidos.navigation.jetNews.JetNewsAppKt.JetNewsApp.<no name provided> origin=null
                        $mask0: CONST Int type=kotlin.Int value=6
                        $handler: CONST Null type=kotlin.Any? value=null
                    COMPOSITE type=kotlin.Unit origin=null
          FUN name:create visibility:public modality:FINAL <> ($this:com.droidos.navigation.jetNews.JetNewsAppKt.JetNewsApp.<no name provided>, value:kotlin.Any?, $completion:kotlin.coroutines.Continuation<kotlin.Nothing>) returnType:kotlin.coroutines.Continuation<kotlin.Unit>
            overridden:
              public open fun create (value: kotlin.Any?, $completion: kotlin.coroutines.Continuation<kotlin.Nothing>): kotlin.coroutines.Continuation<kotlin.Unit> declared in kotlin.coroutines.jvm.internal.SuspendLambda
            $this: VALUE_PARAMETER INSTANCE_RECEIVER name:<this> type:com.droidos.navigation.jetNews.JetNewsAppKt.JetNewsApp.<no name provided>
            VALUE_PARAMETER name:value index:0 type:kotlin.Any?
            VALUE_PARAMETER name:$completion index:1 type:kotlin.coroutines.Continuation<kotlin.Nothing>
            BLOCK_BODY
              RETURN type=kotlin.Nothing from='public final fun create (value: kotlin.Any?, $completion: kotlin.coroutines.Continuation<kotlin.Nothing>): kotlin.coroutines.Continuation<kotlin.Unit> declared in com.droidos.navigation.jetNews.JetNewsAppKt.JetNewsApp.<no name provided>'
                CONSTRUCTOR_CALL 'public/*package*/ constructor <init> ($snackbarHostState: androidx.compose.material3.SnackbarHostState, $notConnectedMessage: kotlin.String, $isOffline$delegate: androidx.compose.runtime.State<kotlin.Boolean>, $completion: kotlin.coroutines.Continuation<com.droidos.navigation.jetNews.JetNewsAppKt.JetNewsApp.<no name provided>>?) [primary] declared in com.droidos.navigation.jetNews.JetNewsAppKt.JetNewsApp.<no name provided>' type=com.droidos.navigation.jetNews.JetNewsAppKt.JetNewsApp.<no name provided> origin=null
                  $snackbarHostState: GET_FIELD 'FIELD FIELD_FOR_CAPTURED_VALUE name:$snackbarHostState type:androidx.compose.material3.SnackbarHostState visibility:public/*package*/ [final]' type=androidx.compose.material3.SnackbarHostState origin=null
                    receiver: GET_VAR '<this>: com.droidos.navigation.jetNews.JetNewsAppKt.JetNewsApp.<no name provided> declared in com.droidos.navigation.jetNews.JetNewsAppKt.JetNewsApp.<no name provided>.create' type=com.droidos.navigation.jetNews.JetNewsAppKt.JetNewsApp.<no name provided> origin=null
                  $notConnectedMessage: GET_FIELD 'FIELD FIELD_FOR_CAPTURED_VALUE name:$notConnectedMessage type:kotlin.String visibility:public/*package*/ [final]' type=kotlin.String origin=null
                    receiver: GET_VAR '<this>: com.droidos.navigation.jetNews.JetNewsAppKt.JetNewsApp.<no name provided> declared in com.droidos.navigation.jetNews.JetNewsAppKt.JetNewsApp.<no name provided>.create' type=com.droidos.navigation.jetNews.JetNewsAppKt.JetNewsApp.<no name provided> origin=null
                  $isOffline$delegate: GET_FIELD 'FIELD FIELD_FOR_CAPTURED_VALUE name:$isOffline$delegate type:androidx.compose.runtime.State<kotlin.Boolean> visibility:public/*package*/ [final]' type=androidx.compose.runtime.State<kotlin.Boolean> origin=null
                    receiver: GET_VAR '<this>: com.droidos.navigation.jetNews.JetNewsAppKt.JetNewsApp.<no name provided> declared in com.droidos.navigation.jetNews.JetNewsAppKt.JetNewsApp.<no name provided>.create' type=com.droidos.navigation.jetNews.JetNewsAppKt.JetNewsApp.<no name provided> origin=null
                  $completion: GET_VAR '$completion: kotlin.coroutines.Continuation<kotlin.Nothing> declared in com.droidos.navigation.jetNews.JetNewsAppKt.JetNewsApp.<no name provided>.create' type=kotlin.coroutines.Continuation<kotlin.Nothing> origin=null
          FUN name:invoke visibility:public modality:FINAL <> ($this:com.droidos.navigation.jetNews.JetNewsAppKt.JetNewsApp.<no name provided>, p1:kotlinx.coroutines.CoroutineScope, p2:kotlin.coroutines.Continuation<kotlin.Unit>?) returnType:kotlin.Any?
            overridden:
              public abstract fun invoke (p1: P1 of kotlin.jvm.functions.Function2, p2: P2 of kotlin.jvm.functions.Function2): R of kotlin.jvm.functions.Function2 declared in kotlin.jvm.functions.Function2
            $this: VALUE_PARAMETER INSTANCE_RECEIVER name:<this> type:com.droidos.navigation.jetNews.JetNewsAppKt.JetNewsApp.<no name provided>
            VALUE_PARAMETER name:p1 index:0 type:kotlinx.coroutines.CoroutineScope
            VALUE_PARAMETER name:p2 index:1 type:kotlin.coroutines.Continuation<kotlin.Unit>?
            BLOCK_BODY
              RETURN type=kotlin.Nothing from='public final fun invoke (p1: kotlinx.coroutines.CoroutineScope, p2: kotlin.coroutines.Continuation<kotlin.Unit>?): kotlin.Any? declared in com.droidos.navigation.jetNews.JetNewsAppKt.JetNewsApp.<no name provided>'
                CALL 'public final fun invokeSuspend ($result: kotlin.Result<kotlin.Any?>): kotlin.Any? declared in com.droidos.navigation.jetNews.JetNewsAppKt.JetNewsApp.<no name provided>' type=kotlin.Any? origin=null
                  $this: TYPE_OP type=com.droidos.navigation.jetNews.JetNewsAppKt.JetNewsApp.<no name provided> origin=IMPLICIT_CAST typeOperand=com.droidos.navigation.jetNews.JetNewsAppKt.JetNewsApp.<no name provided>
                    CALL 'public final fun create (value: kotlin.Any?, $completion: kotlin.coroutines.Continuation<kotlin.Nothing>): kotlin.coroutines.Continuation<kotlin.Unit> declared in com.droidos.navigation.jetNews.JetNewsAppKt.JetNewsApp.<no name provided>' type=kotlin.coroutines.Continuation<kotlin.Unit> origin=null
                      $this: GET_VAR '<this>: com.droidos.navigation.jetNews.JetNewsAppKt.JetNewsApp.<no name provided> declared in com.droidos.navigation.jetNews.JetNewsAppKt.JetNewsApp.<no name provided>.invoke' type=com.droidos.navigation.jetNews.JetNewsAppKt.JetNewsApp.<no name provided> origin=null
                      value: GET_VAR 'p1: kotlinx.coroutines.CoroutineScope declared in com.droidos.navigation.jetNews.JetNewsAppKt.JetNewsApp.<no name provided>.invoke' type=kotlinx.coroutines.CoroutineScope origin=null
                      $completion: GET_VAR 'p2: kotlin.coroutines.Continuation<kotlin.Unit>? declared in com.droidos.navigation.jetNews.JetNewsAppKt.JetNewsApp.<no name provided>.invoke' type=kotlin.coroutines.Continuation<kotlin.Unit>? origin=null
                  $result: CALL 'public final fun <unsafe-coerce> <T, R> (v: T of kotlin.jvm.internal.<unsafe-coerce>): R of kotlin.jvm.internal.<unsafe-coerce> declared in kotlin.jvm.internal' type=kotlin.Result<kotlin.Any?> origin=null
                    <T>: kotlin.Any?
                    <R>: kotlin.Result<kotlin.Any?>
                    v: GET_FIELD 'FIELD FIELD_FOR_OBJECT_INSTANCE name:INSTANCE type:kotlin.Unit visibility:public [final,static]' type=kotlin.Unit origin=null
          FIELD FIELD_FOR_CAPTURED_VALUE name:$snackbarHostState type:androidx.compose.material3.SnackbarHostState visibility:public/*package*/ [final]
          FIELD FIELD_FOR_CAPTURED_VALUE name:$notConnectedMessage type:kotlin.String visibility:public/*package*/ [final]
          FIELD FIELD_FOR_CAPTURED_VALUE name:$isOffline$delegate type:androidx.compose.runtime.State<kotlin.Boolean> visibility:public/*package*/ [final]
          FUN BRIDGE name:invoke visibility:public modality:OPEN <> ($this:com.droidos.navigation.jetNews.JetNewsAppKt.JetNewsApp.<no name provided>, p1:kotlin.Any?, p2:kotlin.Any?) returnType:kotlin.Any?
            $this: VALUE_PARAMETER INSTANCE_RECEIVER name:<this> type:com.droidos.navigation.jetNews.JetNewsAppKt.JetNewsApp.<no name provided>
            VALUE_PARAMETER BRIDGE name:p1 index:0 type:kotlin.Any?
            VALUE_PARAMETER BRIDGE name:p2 index:1 type:kotlin.Any?
            EXPRESSION_BODY
              RETURN type=kotlin.Nothing from='public open fun invoke (p1: kotlin.Any?, p2: kotlin.Any?): kotlin.Any? declared in com.droidos.navigation.jetNews.JetNewsAppKt.JetNewsApp.<no name provided>'
                CALL 'public final fun invoke (p1: kotlinx.coroutines.CoroutineScope, p2: kotlin.coroutines.Continuation<kotlin.Unit>?): kotlin.Any? declared in com.droidos.navigation.jetNews.JetNewsAppKt.JetNewsApp.<no name provided>' type=kotlin.Any? origin=BRIDGE_DELEGATION
                  $this: GET_VAR '<this>: com.droidos.navigation.jetNews.JetNewsAppKt.JetNewsApp.<no name provided> declared in com.droidos.navigation.jetNews.JetNewsAppKt.JetNewsApp.<no name provided>.invoke' type=com.droidos.navigation.jetNews.JetNewsAppKt.JetNewsApp.<no name provided> origin=null
                  p1: TYPE_OP type=kotlinx.coroutines.CoroutineScope origin=IMPLICIT_CAST typeOperand=kotlinx.coroutines.CoroutineScope
                    GET_VAR 'p1: kotlin.Any? declared in com.droidos.navigation.jetNews.JetNewsAppKt.JetNewsApp.<no name provided>.invoke' type=kotlin.Any? origin=null
                  p2: TYPE_OP type=kotlin.coroutines.Continuation<*> origin=IMPLICIT_CAST typeOperand=kotlin.coroutines.Continuation<*>
                    GET_VAR 'p2: kotlin.Any? declared in com.droidos.navigation.jetNews.JetNewsAppKt.JetNewsApp.<no name provided>.invoke' type=kotlin.Any? origin=null
        CONSTRUCTOR_CALL 'public/*package*/ constructor <init> ($snackbarHostState: androidx.compose.material3.SnackbarHostState, $notConnectedMessage: kotlin.String, $isOffline$delegate: androidx.compose.runtime.State<kotlin.Boolean>, $completion: kotlin.coroutines.Continuation<com.droidos.navigation.jetNews.JetNewsAppKt.JetNewsApp.<no name provided>>?) [primary] declared in com.droidos.navigation.jetNews.JetNewsAppKt.JetNewsApp.<no name provided>' type=com.droidos.navigation.jetNews.JetNewsAppKt.JetNewsApp.<no name provided> origin=null
          $snackbarHostState: GET_VAR 'val snackbarHostState: androidx.compose.material3.SnackbarHostState [val] declared in com.droidos.navigation.jetNews.JetNewsAppKt.JetNewsApp' type=androidx.compose.material3.SnackbarHostState origin=null
          $notConnectedMessage: GET_VAR 'val notConnectedMessage: kotlin.String [val] declared in com.droidos.navigation.jetNews.JetNewsAppKt.JetNewsApp' type=kotlin.String origin=null
          $isOffline$delegate: GET_VAR 'val isOffline$delegate: androidx.compose.runtime.State<kotlin.Boolean> [val] declared in com.droidos.navigation.jetNews.JetNewsAppKt.JetNewsApp' type=androidx.compose.runtime.State<kotlin.Boolean> origin=null
          $completion: CONST Null type=kotlin.Nothing? value=null
    CALL 'public final fun Scaffold-QMVK-b8$default (modifier: androidx.compose.ui.Modifier?, topBar: @[Composable] kotlin.Function0<kotlin.Unit>?, bottomBar: @[Composable] kotlin.Function0<kotlin.Unit>?, snackbarHost: @[Composable] kotlin.Function0<kotlin.Unit>?, floatingActionButton: @[Composable] kotlin.Function0<kotlin.Unit>?, floatingActionButtonPosition: androidx.compose.material3.FabPosition, containerColor: androidx.compose.ui.graphics.Color, contentColor: androidx.compose.ui.graphics.Color, contentWindowInsets: androidx.compose.foundation.layout.WindowInsets?, content: @[Composable] kotlin.Function1<androidx.compose.foundation.layout.PaddingValues, kotlin.Unit>, $mask0: kotlin.Int, $handler: kotlin.Any?): kotlin.Unit declared in androidx.compose.material3.ScaffoldKt' type=kotlin.Unit origin=DEFAULT_DISPATCH_CALL
      modifier: COMPOSITE type=androidx.compose.ui.Modifier? origin=DEFAULT_VALUE
        CONST Null type=androidx.compose.ui.Modifier? value=null
      topBar: COMPOSITE type=@[Composable] kotlin.Function0<kotlin.Unit>? origin=DEFAULT_VALUE
        CONST Null type=@[Composable] kotlin.Function0<kotlin.Unit>? value=null
      bottomBar: COMPOSITE type=@[Composable] kotlin.Function0<kotlin.Unit>? origin=DEFAULT_VALUE
        CONST Null type=@[Composable] kotlin.Function0<kotlin.Unit>? value=null
      snackbarHost: BLOCK type=kotlin.Function0<kotlin.Unit> origin=LAMBDA
        COMPOSITE type=kotlin.Unit origin=null
        CALL 'public final fun <jvm-indy> <T> (dynamicCall: T of kotlin.jvm.internal.<jvm-indy>, bootstrapMethodHandle: kotlin.Any, vararg bootstrapMethodArguments: kotlin.Any): T of kotlin.jvm.internal.<jvm-indy> declared in kotlin.jvm.internal' type=kotlin.Function0<kotlin.Unit> origin=null
          <T>: kotlin.Function0<kotlin.Unit>
          dynamicCall: CALL 'public final fun invoke (p0: androidx.compose.material3.SnackbarHostState): kotlin.Function0<kotlin.Unit> declared in kotlin.jvm.internal.invokeDynamic' type=kotlin.Function0<kotlin.Unit> origin=null
            p0: GET_VAR 'val snackbarHostState: androidx.compose.material3.SnackbarHostState [val] declared in com.droidos.navigation.jetNews.JetNewsAppKt.JetNewsApp' type=androidx.compose.material3.SnackbarHostState origin=null
          bootstrapMethodHandle: CALL 'public final fun <jvm-method-handle> (tag: kotlin.Int, owner: kotlin.String, name: kotlin.String, descriptor: kotlin.String, isInterface: kotlin.Boolean): kotlin.Any declared in kotlin.jvm.internal' type=kotlin.Any origin=null
            tag: CONST Int type=kotlin.Int value=6
            owner: CONST String type=kotlin.String value="java/lang/invoke/LambdaMetafactory"
            name: CONST String type=kotlin.String value="metafactory"
            descriptor: CONST String type=kotlin.String value="(Ljava/lang/invoke/MethodHandles$Lookup;Ljava/lang/String;Ljava/lang/invoke/MethodType;Ljava/lang/invoke/MethodType;Ljava/lang/invoke/MethodHandle;Ljava/lang/invoke/MethodType;)Ljava/lang/invoke/CallSite;"
            isInterface: CONST Boolean type=kotlin.Boolean value=false
          bootstrapMethodArguments: VARARG type=kotlin.Array<kotlin.Any> varargElementType=kotlin.Any
            CALL 'public final fun <jvm-original-method-type> (method: kotlin.Any): kotlin.Any declared in kotlin.jvm.internal' type=kotlin.Any origin=null
              method: RAW_FUNCTION_REFERENCE 'public abstract fun invoke (): R of kotlin.Function0 [operator] declared in kotlin.Function0' type=kotlin.Any
            RAW_FUNCTION_REFERENCE 'private final fun JetNewsApp$lambda$2 ($snackbarHostState: androidx.compose.material3.SnackbarHostState): kotlin.Unit? declared in com.droidos.navigation.jetNews.JetNewsAppKt' type=kotlin.Any
            CALL 'public final fun <jvm-original-method-type> (method: kotlin.Any): kotlin.Any declared in kotlin.jvm.internal' type=kotlin.Any origin=null
              method: RAW_FUNCTION_REFERENCE 'public abstract fun invoke (): kotlin.Unit? [fake_override,operator] declared in kotlin.jvm.internal.invokeDynamic.<fake>' type=kotlin.Any
      floatingActionButton: COMPOSITE type=@[Composable] kotlin.Function0<kotlin.Unit>? origin=DEFAULT_VALUE
        CONST Null type=@[Composable] kotlin.Function0<kotlin.Unit>? value=null
      floatingActionButtonPosition: COMPOSITE type=androidx.compose.material3.FabPosition origin=DEFAULT_VALUE
        CALL 'public final fun <unsafe-coerce> <T, R> (v: T of kotlin.jvm.internal.<unsafe-coerce>): R of kotlin.jvm.internal.<unsafe-coerce> declared in kotlin.jvm.internal' type=androidx.compose.material3.FabPosition origin=null
          <T>: kotlin.Int
          <R>: androidx.compose.material3.FabPosition
          v: CONST Int type=kotlin.Int value=0
      containerColor: COMPOSITE type=androidx.compose.ui.graphics.Color origin=DEFAULT_VALUE
        CALL 'public final fun <unsafe-coerce> <T, R> (v: T of kotlin.jvm.internal.<unsafe-coerce>): R of kotlin.jvm.internal.<unsafe-coerce> declared in kotlin.jvm.internal' type=androidx.compose.ui.graphics.Color origin=null
          <T>: kotlin.Long
          <R>: androidx.compose.ui.graphics.Color
          v: CONST Long type=kotlin.Long value=0
      contentColor: COMPOSITE type=androidx.compose.ui.graphics.Color origin=DEFAULT_VALUE
        CALL 'public final fun <unsafe-coerce> <T, R> (v: T of kotlin.jvm.internal.<unsafe-coerce>): R of kotlin.jvm.internal.<unsafe-coerce> declared in kotlin.jvm.internal' type=androidx.compose.ui.graphics.Color origin=null
          <T>: kotlin.Long
          <R>: androidx.compose.ui.graphics.Color
          v: CONST Long type=kotlin.Long value=0
      contentWindowInsets: COMPOSITE type=androidx.compose.foundation.layout.WindowInsets? origin=DEFAULT_VALUE
        CONST Null type=androidx.compose.foundation.layout.WindowInsets? value=null
      content: BLOCK type=kotlin.Function1<androidx.compose.foundation.layout.PaddingValues, kotlin.Unit> origin=LAMBDA
        COMPOSITE type=kotlin.Unit origin=null
        CALL 'public final fun <jvm-indy> <T> (dynamicCall: T of kotlin.jvm.internal.<jvm-indy>, bootstrapMethodHandle: kotlin.Any, vararg bootstrapMethodArguments: kotlin.Any): T of kotlin.jvm.internal.<jvm-indy> declared in kotlin.jvm.internal' type=kotlin.Function1<androidx.compose.foundation.layout.PaddingValues, kotlin.Unit> origin=null
          <T>: kotlin.Function1<androidx.compose.foundation.layout.PaddingValues, kotlin.Unit>
          dynamicCall: CALL 'public final fun invoke (): kotlin.Function1<androidx.compose.foundation.layout.PaddingValues, kotlin.Unit> declared in kotlin.jvm.internal.invokeDynamic' type=kotlin.Function1<androidx.compose.foundation.layout.PaddingValues, kotlin.Unit> origin=null
          bootstrapMethodHandle: CALL 'public final fun <jvm-method-handle> (tag: kotlin.Int, owner: kotlin.String, name: kotlin.String, descriptor: kotlin.String, isInterface: kotlin.Boolean): kotlin.Any declared in kotlin.jvm.internal' type=kotlin.Any origin=null
            tag: CONST Int type=kotlin.Int value=6
            owner: CONST String type=kotlin.String value="java/lang/invoke/LambdaMetafactory"
            name: CONST String type=kotlin.String value="metafactory"
            descriptor: CONST String type=kotlin.String value="(Ljava/lang/invoke/MethodHandles$Lookup;Ljava/lang/String;Ljava/lang/invoke/MethodType;Ljava/lang/invoke/MethodType;Ljava/lang/invoke/MethodHandle;Ljava/lang/invoke/MethodType;)Ljava/lang/invoke/CallSite;"
            isInterface: CONST Boolean type=kotlin.Boolean value=false
          bootstrapMethodArguments: VARARG type=kotlin.Array<kotlin.Any> varargElementType=kotlin.Any
            CALL 'public final fun <jvm-original-method-type> (method: kotlin.Any): kotlin.Any declared in kotlin.jvm.internal' type=kotlin.Any origin=null
              method: RAW_FUNCTION_REFERENCE 'public abstract fun invoke (p1: P1 of kotlin.Function1): R of kotlin.Function1 [operator] declared in kotlin.Function1' type=kotlin.Any
            RAW_FUNCTION_REFERENCE 'private final fun JetNewsApp$lambda$4 (innerPadding: androidx.compose.foundation.layout.PaddingValues): kotlin.Unit? declared in com.droidos.navigation.jetNews.JetNewsAppKt' type=kotlin.Any
            CALL 'public final fun <jvm-original-method-type> (method: kotlin.Any): kotlin.Any declared in kotlin.jvm.internal' type=kotlin.Any origin=null
              method: RAW_FUNCTION_REFERENCE 'public abstract fun invoke (p1: androidx.compose.foundation.layout.PaddingValues): kotlin.Unit? [fake_override,operator] declared in kotlin.jvm.internal.invokeDynamic.<fake>' type=kotlin.Any
      $mask0: CONST Int type=kotlin.Int value=503
      $handler: CONST Null type=kotlin.Any? value=null

	at org.jetbrains.kotlin.backend.jvm.codegen.FunctionCodegen.generate(FunctionCodegen.kt:50)
	at org.jetbrains.kotlin.backend.jvm.codegen.FunctionCodegen.generate$default(FunctionCodegen.kt:42)
	at org.jetbrains.kotlin.backend.jvm.codegen.ClassCodegen.generateMethodNode(ClassCodegen.kt:385)
	at org.jetbrains.kotlin.backend.jvm.codegen.ClassCodegen.generateMethod(ClassCodegen.kt:402)
	at org.jetbrains.kotlin.backend.jvm.codegen.ClassCodegen.generate(ClassCodegen.kt:169)
	at org.jetbrains.kotlin.backend.jvm.FileCodegen.lower(JvmPhases.kt:41)
	at org.jetbrains.kotlin.backend.common.phaser.PhaseBuildersKt.makeIrFilePhase$lambda$5(PhaseBuilders.kt:114)
	at org.jetbrains.kotlin.backend.common.phaser.PhaseBuildersKt$createSimpleNamedCompilerPhase$1.phaseBody(PhaseBuilders.kt:71)
	at org.jetbrains.kotlin.backend.common.phaser.SimpleNamedCompilerPhase.phaseBody(CompilerPhase.kt:226)
	at org.jetbrains.kotlin.backend.common.phaser.AbstractNamedCompilerPhase.invoke(CompilerPhase.kt:113)
	at org.jetbrains.kotlin.backend.common.phaser.PerformByIrFilePhase.invokeSequential(performByIrFile.kt:62)
	... 44 more
Caused by: org.jetbrains.kotlin.codegen.CompilationException: Back-end (JVM) Internal error: Couldn't inline method call: CALL 'public final fun remember <T> (calculation: @[DisallowComposableCalls] kotlin.Function0<T of androidx.compose.runtime.ComposablesKt.remember>): T of androidx.compose.runtime.ComposablesKt.remember [inline] declared in androidx.compose.runtime.ComposablesKt' type=androidx.compose.material3.SnackbarHostState origin=null
Method: null
File is unknown
The root cause java.lang.IllegalStateException was thrown at: org.jetbrains.kotlin.codegen.inline.SourceCompilerForInlineKt.getMethodNode(SourceCompilerForInline.kt:118)
	at org.jetbrains.kotlin.codegen.inline.InlineCodegen.performInline(InlineCodegen.kt:65)
	at org.jetbrains.kotlin.backend.jvm.codegen.IrInlineCodegen.genInlineCall(IrInlineCodegen.kt:162)
	at org.jetbrains.kotlin.backend.jvm.codegen.IrInlineCallGenerator.genCall(IrInlineCallGenerator.kt:36)
	at org.jetbrains.kotlin.backend.jvm.codegen.ExpressionCodegen.visitCall(ExpressionCodegen.kt:647)
	at org.jetbrains.kotlin.backend.jvm.codegen.ExpressionCodegen.visitCall(ExpressionCodegen.kt:137)
	at org.jetbrains.kotlin.ir.expressions.IrCall.accept(IrCall.kt:24)
	at org.jetbrains.kotlin.backend.jvm.codegen.ExpressionCodegen.visitVariable(ExpressionCodegen.kt:784)
	at org.jetbrains.kotlin.backend.jvm.codegen.ExpressionCodegen.visitVariable(ExpressionCodegen.kt:137)
	at org.jetbrains.kotlin.ir.declarations.IrVariable.accept(IrVariable.kt:36)
	at org.jetbrains.kotlin.backend.jvm.codegen.ExpressionCodegen.visitStatementContainer(ExpressionCodegen.kt:573)
	at org.jetbrains.kotlin.backend.jvm.codegen.ExpressionCodegen.visitBlockBody(ExpressionCodegen.kt:578)
	at org.jetbrains.kotlin.backend.jvm.codegen.ExpressionCodegen.visitBlockBody(ExpressionCodegen.kt:137)
	at org.jetbrains.kotlin.ir.expressions.IrBlockBody.accept(IrBlockBody.kt:20)
	at org.jetbrains.kotlin.backend.jvm.codegen.ExpressionCodegen.generate(ExpressionCodegen.kt:239)
	at org.jetbrains.kotlin.backend.jvm.codegen.FunctionCodegen.doGenerate(FunctionCodegen.kt:121)
	at org.jetbrains.kotlin.backend.jvm.codegen.FunctionCodegen.generate(FunctionCodegen.kt:46)
	... 54 more
Caused by: java.lang.IllegalStateException: couldn't find inline method Landroidx/compose/runtime/ComposablesKt;.remember(Lkotlin/jvm/functions/Function0;)Ljava/lang/Object;
	at org.jetbrains.kotlin.codegen.inline.SourceCompilerForInlineKt.getMethodNode(SourceCompilerForInline.kt:118)
	at org.jetbrains.kotlin.codegen.inline.SourceCompilerForInlineKt.loadCompiledInlineFunction(SourceCompilerForInline.kt:96)
	at org.jetbrains.kotlin.backend.jvm.codegen.IrSourceCompilerForInline.compileInlineFunction(IrSourceCompilerForInline.kt:91)
	at org.jetbrains.kotlin.codegen.inline.InlineCodegen.compileInline(InlineCodegen.kt:43)
	at org.jetbrains.kotlin.codegen.inline.InlineCodegen.performInline(InlineCodegen.kt:51)
	... 69 more


